<?xml version="1.0" encoding="UTF-8"?>
<!-- Generated by org.testng.reporters.JUnitReportReporter -->
<testsuite hostname="LAPTOP-7H29QR0O" failures="0" tests="3" name="com.qait.test.BasicTest" time="21.946" errors="0" timestamp="2021-03-23T17:51:19 IST" skipped="0">
  <testcase classname="com.qait.test.BasicTest" name="navigatetoGoogle" time="0.011"/>
  <system-out/>
  <testcase classname="com.qait.test.BasicTest" name="Login_into_email" time="9.953"/>
  <system-out/>
  <testcase classname="com.qait.test.BasicTest" name="Compose_an_Email" time="11.982"/>
  <system-out/>
</testsuite> <!-- com.qait.test.BasicTest -->
