<?xml version="1.0" encoding="UTF-8"?>
<!-- Generated by org.testng.reporters.JUnitReportReporter -->
<testsuite hostname="LAPTOP-7H29QR0O" failures="0" tests="3" name="com.qait.test.basicTestPOR" time="56.092" errors="0" timestamp="2021-03-24T10:24:25 IST" skipped="0">
  <testcase classname="com.qait.test.basicTestPOR" name="testcheck" time="0.081"/>
  <system-out/>
  <testcase classname="com.qait.test.basicTestPOR" name="log_in_gmail" time="16.368"/>
  <system-out/>
  <testcase classname="com.qait.test.basicTestPOR" name="compose_an_email" time="39.643"/>
  <system-out/>
</testsuite> <!-- com.qait.test.basicTestPOR -->
